Script started on 2025-03-31 15:34:33+07:00 [TERM="xterm-256color" TTY="/dev/pts/2" COLUMNS="100" LINES="31"]
^CTraceback (most recent call last):
  File "/home/songhau/Documents/VulnBot/cli.py", line 6, in <module>
    from pentest import main as pentest_main
  File "/home/songhau/Documents/VulnBot/pentest.py", line 10, in <module>
    from actions.planner import Planner
  File "/home/songhau/Documents/VulnBot/actions/planner.py", line 5, in <module>
    from actions.write_plan import WritePlan, parse_tasks, merge_tasks
  File "/home/songhau/Documents/VulnBot/actions/write_plan.py", line 11, in <module>
    from server.chat.chat import _chat
  File "/home/songhau/Documents/VulnBot/server/chat/chat.py", line 20, in <module>
    from rag.reranker.reranker import LangchainReranker
  File "/home/songhau/Documents/VulnBot/rag/reranker/reranker.py", line 5, in <module>
    from sentence_transformers import CrossEncoder
  File "/home/songhau/.local/lib/python3.11/site-packages/sentence_transformers/__init__.py", line 10, in <module>
    from sentence_transformers.cross_encoder.CrossEncoder import CrossEncoder
  File "/home/songhau/.local/lib/python3.11/site-packages/sentence_transformers/cross_encoder/__init__.py", line 3, in <module>
    from .CrossEncoder import CrossEncoder
  File "/home/songhau/.local/lib/python3.11/site-packages/sentence_transformers/cross_encoder/CrossEncoder.py", line 9, in <module>
    import torch
  File "/home/songhau/.local/lib/python3.11/site-packages/torch/__init__.py", line 405, in <module>
    from torch._C import *  # noqa: F403
    ^^^^^^^^^^^^^^^^^^^^^^
  File "<frozen importlib._bootstrap>", line 216, in _lock_unlock_module
KeyboardInterrupt

Script done on 2025-03-31 15:34:37+07:00 [COMMAND_EXIT_CODE="130"]
