2025-03-17 14:32:47,975 sentence_transformers.SentenceTransformer 920481 INFO     Use pytorch device_name: cpu
2025-03-17 14:32:47,976 sentence_transformers.SentenceTransformer 920481 INFO     Load pretrained SentenceTransformer: maidalun1020/bce-embedding-base_v1
2025-03-17 14:37:05,423 sentence_transformers.SentenceTransformer 920481 INFO     Use pytorch device_name: cpu
2025-03-17 14:37:05,423 sentence_transformers.SentenceTransformer 920481 INFO     Load pretrained SentenceTransformer: maidalun1020/bce-embedding-base_v1
2025-03-17 14:37:06,718 sentence_transformers.SentenceTransformer 920481 INFO     Use pytorch device_name: cpu
2025-03-17 14:37:06,718 sentence_transformers.SentenceTransformer 920481 INFO     Load pretrained SentenceTransformer: maidalun1020/bce-embedding-base_v1
2025-03-17 14:37:17,335 httpx        920481 INFO     HTTP Request: POST http://127.0.0.1:7861/knowledge_base/search_docs "HTTP/1.1 200 OK"
2025-03-17 14:37:20,101 pymilvus.milvus_client.milvus_client 920481 ERROR    Failed to create new connection using: 3e52e33e12574f719b69195838aa1ea4
2025-03-18 10:01:02,863 sentence_transformers.SentenceTransformer 920481 INFO     Use pytorch device_name: cpu
2025-03-18 10:01:02,863 sentence_transformers.SentenceTransformer 920481 INFO     Load pretrained SentenceTransformer: maidalun1020/bce-embedding-base_v1
2025-03-18 10:01:19,196 sentence_transformers.SentenceTransformer 920481 INFO     Use pytorch device_name: cpu
2025-03-18 10:01:19,196 sentence_transformers.SentenceTransformer 920481 INFO     Load pretrained SentenceTransformer: maidalun1020/bce-embedding-base_v1
2025-03-18 10:01:20,519 sentence_transformers.SentenceTransformer 920481 INFO     Use pytorch device_name: cpu
2025-03-18 10:01:20,520 sentence_transformers.SentenceTransformer 920481 INFO     Load pretrained SentenceTransformer: maidalun1020/bce-embedding-base_v1
2025-03-18 10:01:27,483 httpx        920481 INFO     HTTP Request: POST http://127.0.0.1:7861/knowledge_base/delete_docs "HTTP/1.1 500 Internal Server Error"
2025-03-18 10:01:28,367 sentence_transformers.SentenceTransformer 920481 INFO     Use pytorch device_name: cpu
2025-03-18 10:01:28,367 sentence_transformers.SentenceTransformer 920481 INFO     Load pretrained SentenceTransformer: maidalun1020/bce-embedding-base_v1
2025-03-18 10:01:37,511 httpx        920481 INFO     HTTP Request: POST http://127.0.0.1:7861/knowledge_base/search_docs "HTTP/1.1 200 OK"
2025-03-18 10:01:57,234 sentence_transformers.SentenceTransformer 920481 INFO     Use pytorch device_name: cpu
2025-03-18 10:01:57,235 sentence_transformers.SentenceTransformer 920481 INFO     Load pretrained SentenceTransformer: maidalun1020/bce-embedding-base_v1
2025-03-18 10:01:58,027 sentence_transformers.SentenceTransformer 920481 INFO     Use pytorch device_name: cpu
2025-03-18 10:01:58,027 sentence_transformers.SentenceTransformer 920481 INFO     Load pretrained SentenceTransformer: maidalun1020/bce-embedding-base_v1
2025-03-18 10:01:58,988 sentence_transformers.SentenceTransformer 920481 INFO     Use pytorch device_name: cpu
2025-03-18 10:01:58,988 sentence_transformers.SentenceTransformer 920481 INFO     Load pretrained SentenceTransformer: maidalun1020/bce-embedding-base_v1
2025-03-18 10:02:11,383 httpx        920481 INFO     HTTP Request: POST http://127.0.0.1:7861/knowledge_base/search_docs "HTTP/1.1 200 OK"
2025-03-18 10:02:12,259 sentence_transformers.SentenceTransformer 920481 INFO     Use pytorch device_name: cpu
2025-03-18 10:02:12,259 sentence_transformers.SentenceTransformer 920481 INFO     Load pretrained SentenceTransformer: maidalun1020/bce-embedding-base_v1
2025-03-18 10:02:22,634 httpx        920481 INFO     HTTP Request: POST http://127.0.0.1:7861/knowledge_base/delete_docs "HTTP/1.1 200 OK"
2025-03-18 10:02:23,499 sentence_transformers.SentenceTransformer 920481 INFO     Use pytorch device_name: cpu
2025-03-18 10:02:23,499 sentence_transformers.SentenceTransformer 920481 INFO     Load pretrained SentenceTransformer: maidalun1020/bce-embedding-base_v1
2025-03-18 10:02:33,791 sentence_transformers.SentenceTransformer 920481 INFO     Use pytorch device_name: cpu
2025-03-18 10:02:33,792 sentence_transformers.SentenceTransformer 920481 INFO     Load pretrained SentenceTransformer: maidalun1020/bce-embedding-base_v1
2025-03-18 10:02:39,148 sentence_transformers.SentenceTransformer 920481 INFO     Use pytorch device_name: cpu
2025-03-18 10:02:39,149 sentence_transformers.SentenceTransformer 920481 INFO     Load pretrained SentenceTransformer: maidalun1020/bce-embedding-base_v1
2025-03-18 10:02:40,188 sentence_transformers.SentenceTransformer 920481 INFO     Use pytorch device_name: cpu
2025-03-18 10:02:40,189 sentence_transformers.SentenceTransformer 920481 INFO     Load pretrained SentenceTransformer: maidalun1020/bce-embedding-base_v1
2025-03-18 10:02:42,449 httpx        920481 INFO     HTTP Request: POST http://127.0.0.1:7861/knowledge_base/search_docs "HTTP/1.1 200 OK"
2025-03-18 10:02:50,986 httpx        920481 INFO     HTTP Request: POST http://127.0.0.1:7861/knowledge_base/delete_docs "HTTP/1.1 200 OK"
2025-03-18 10:02:52,095 sentence_transformers.SentenceTransformer 920481 INFO     Use pytorch device_name: cpu
2025-03-18 10:02:52,095 sentence_transformers.SentenceTransformer 920481 INFO     Load pretrained SentenceTransformer: maidalun1020/bce-embedding-base_v1
2025-03-18 10:03:28,787 sentence_transformers.SentenceTransformer 920481 INFO     Use pytorch device_name: cpu
2025-03-18 10:03:28,787 sentence_transformers.SentenceTransformer 920481 INFO     Load pretrained SentenceTransformer: maidalun1020/bce-embedding-base_v1
2025-03-18 10:03:34,069 sentence_transformers.SentenceTransformer 920481 INFO     Use pytorch device_name: cpu
2025-03-18 10:03:34,069 sentence_transformers.SentenceTransformer 920481 INFO     Load pretrained SentenceTransformer: maidalun1020/bce-embedding-base_v1
