2025-03-10 16:27:38,288 httpx        204432 INFO     HTTP Request: POST http://127.0.0.1:7861/knowledge_base/create_knowledge_base "HTTP/1.1 200 OK"
2025-03-10 16:27:40,066 sentence_transformers.SentenceTransformer 204432 INFO     Use pytorch device_name: cpu
2025-03-10 16:27:40,066 sentence_transformers.SentenceTransformer 204432 INFO     Load pretrained SentenceTransformer: maidalun1020/bce-embedding-base_v1
2025-03-10 16:30:37,536 sentence_transformers.SentenceTransformer 204432 INFO     Use pytorch device_name: cpu
2025-03-10 16:30:37,536 sentence_transformers.SentenceTransformer 204432 INFO     Load pretrained SentenceTransformer: maidalun1020/bce-embedding-base_v1
2025-03-10 16:30:56,398 httpx        204432 INFO     HTTP Request: POST http://127.0.0.1:7861/knowledge_base/delete_knowledge_base "HTTP/1.1 500 Internal Server Error"
2025-03-10 16:30:58,443 sentence_transformers.SentenceTransformer 204432 INFO     Use pytorch device_name: cpu
2025-03-10 16:30:58,443 sentence_transformers.SentenceTransformer 204432 INFO     Load pretrained SentenceTransformer: maidalun1020/bce-embedding-base_v1
2025-03-10 16:32:08,510 sentence_transformers.SentenceTransformer 204432 INFO     Use pytorch device_name: cpu
2025-03-10 16:32:08,511 sentence_transformers.SentenceTransformer 204432 INFO     Load pretrained SentenceTransformer: maidalun1020/bce-embedding-base_v1
2025-03-10 16:47:02,045 sentence_transformers.SentenceTransformer 204432 INFO     Use pytorch device_name: cpu
2025-03-10 16:47:02,046 sentence_transformers.SentenceTransformer 204432 INFO     Load pretrained SentenceTransformer: maidalun1020/bce-embedding-base_v1
2025-03-10 16:47:17,102 pymilvus.milvus_client.milvus_client 204432 ERROR    Failed to create new connection using: 5b943594d3b04d5889db25a5d2d8acaa
2025-03-10 16:48:10,597 sentence_transformers.SentenceTransformer 204432 INFO     Use pytorch device_name: cpu
2025-03-10 16:48:10,597 sentence_transformers.SentenceTransformer 204432 INFO     Load pretrained SentenceTransformer: maidalun1020/bce-embedding-base_v1
2025-03-10 16:48:25,177 pymilvus.milvus_client.milvus_client 204432 ERROR    Failed to create new connection using: 24ec919f60474be39aede12ec9ab3666
2025-03-10 16:48:45,074 sentence_transformers.SentenceTransformer 204432 INFO     Use pytorch device_name: cpu
2025-03-10 16:48:45,075 sentence_transformers.SentenceTransformer 204432 INFO     Load pretrained SentenceTransformer: maidalun1020/bce-embedding-base_v1
2025-03-10 16:48:59,617 pymilvus.milvus_client.milvus_client 204432 ERROR    Failed to create new connection using: 59cdd33c247a4034becdef8af5b38ac3
2025-03-10 16:51:45,346 sentence_transformers.SentenceTransformer 204432 INFO     Use pytorch device_name: cpu
2025-03-10 16:51:45,347 sentence_transformers.SentenceTransformer 204432 INFO     Load pretrained SentenceTransformer: maidalun1020/bce-embedding-base_v1
2025-03-10 16:52:00,806 pymilvus.milvus_client.milvus_client 204432 ERROR    Failed to create new connection using: d27c30e6dfde4ed29a18ae35a7d83d7a
2025-03-10 16:52:19,168 sentence_transformers.SentenceTransformer 204432 INFO     Use pytorch device_name: cpu
2025-03-10 16:52:19,168 sentence_transformers.SentenceTransformer 204432 INFO     Load pretrained SentenceTransformer: maidalun1020/bce-embedding-base_v1
2025-03-10 16:52:33,463 pymilvus.milvus_client.milvus_client 204432 ERROR    Failed to create new connection using: d58f610c22304513a8204646192d059b
2025-03-10 16:58:38,603 sentence_transformers.SentenceTransformer 204432 INFO     Use pytorch device_name: cpu
2025-03-10 16:58:38,603 sentence_transformers.SentenceTransformer 204432 INFO     Load pretrained SentenceTransformer: maidalun1020/bce-embedding-base_v1
2025-03-10 16:58:53,331 pymilvus.milvus_client.milvus_client 204432 ERROR    Failed to create new connection using: 4a1bd9241f754f9787b6cdb0a15cce1a
2025-03-11 00:28:13,517 sentence_transformers.SentenceTransformer 204432 INFO     Use pytorch device_name: cpu
2025-03-11 00:28:13,517 sentence_transformers.SentenceTransformer 204432 INFO     Load pretrained SentenceTransformer: maidalun1020/bce-embedding-base_v1
2025-03-11 00:28:29,149 pymilvus.milvus_client.milvus_client 204432 ERROR    Failed to create new connection using: 61c400d2310742aaabc44ce7c8c5b023
2025-03-11 00:53:10,423 sentence_transformers.SentenceTransformer 204432 INFO     Use pytorch device_name: cpu
2025-03-11 00:53:10,423 sentence_transformers.SentenceTransformer 204432 INFO     Load pretrained SentenceTransformer: maidalun1020/bce-embedding-base_v1
2025-03-11 00:53:35,856 sentence_transformers.SentenceTransformer 204432 INFO     Use pytorch device_name: cpu
2025-03-11 00:53:35,857 sentence_transformers.SentenceTransformer 204432 INFO     Load pretrained SentenceTransformer: maidalun1020/bce-embedding-base_v1
2025-03-11 00:54:06,282 sentence_transformers.SentenceTransformer 204432 INFO     Use pytorch device_name: cpu
2025-03-11 00:54:06,282 sentence_transformers.SentenceTransformer 204432 INFO     Load pretrained SentenceTransformer: maidalun1020/bce-embedding-base_v1
2025-03-11 00:54:17,985 sentence_transformers.SentenceTransformer 204432 INFO     Use pytorch device_name: cpu
2025-03-11 00:54:17,986 sentence_transformers.SentenceTransformer 204432 INFO     Load pretrained SentenceTransformer: maidalun1020/bce-embedding-base_v1
2025-03-11 00:55:27,539 sentence_transformers.SentenceTransformer 204432 INFO     Use pytorch device_name: cpu
2025-03-11 00:55:27,540 sentence_transformers.SentenceTransformer 204432 INFO     Load pretrained SentenceTransformer: maidalun1020/bce-embedding-base_v1
2025-03-11 00:58:28,862 httpx        204432 INFO     HTTP Request: POST http://127.0.0.1:7861/knowledge_base/update_info "HTTP/1.1 500 Internal Server Error"
2025-03-11 00:58:28,880 sentence_transformers.SentenceTransformer 204432 INFO     Use pytorch device_name: cpu
2025-03-11 00:58:28,880 sentence_transformers.SentenceTransformer 204432 INFO     Load pretrained SentenceTransformer: maidalun1020/bce-embedding-base_v1
2025-03-11 08:21:11,623 httpx        204432 INFO     HTTP Request: POST http://127.0.0.1:7861/knowledge_base/update_info "HTTP/1.1 200 OK"
2025-03-11 08:21:11,639 sentence_transformers.SentenceTransformer 204432 INFO     Use pytorch device_name: cpu
2025-03-11 08:21:11,640 sentence_transformers.SentenceTransformer 204432 INFO     Load pretrained SentenceTransformer: maidalun1020/bce-embedding-base_v1
2025-03-11 08:25:15,891 sentence_transformers.SentenceTransformer 204432 INFO     Use pytorch device_name: cpu
2025-03-11 08:25:15,893 sentence_transformers.SentenceTransformer 204432 INFO     Load pretrained SentenceTransformer: maidalun1020/bce-embedding-base_v1
2025-03-11 08:34:18,634 sentence_transformers.SentenceTransformer 204432 INFO     Use pytorch device_name: cpu
2025-03-11 08:34:18,634 sentence_transformers.SentenceTransformer 204432 INFO     Load pretrained SentenceTransformer: maidalun1020/bce-embedding-base_v1
2025-03-11 08:34:56,225 httpx        204432 INFO     HTTP Request: POST http://127.0.0.1:7861/knowledge_base/update_info "HTTP/1.1 200 OK"
2025-03-11 08:34:56,233 sentence_transformers.SentenceTransformer 204432 INFO     Use pytorch device_name: cpu
2025-03-11 08:34:56,233 sentence_transformers.SentenceTransformer 204432 INFO     Load pretrained SentenceTransformer: maidalun1020/bce-embedding-base_v1
2025-03-11 12:03:50,053 sentence_transformers.SentenceTransformer 204432 INFO     Use pytorch device_name: cpu
2025-03-11 12:03:50,054 sentence_transformers.SentenceTransformer 204432 INFO     Load pretrained SentenceTransformer: maidalun1020/bce-embedding-base_v1
2025-03-12 00:28:22,151 sentence_transformers.SentenceTransformer 204432 INFO     Use pytorch device_name: cpu
2025-03-12 00:28:22,152 sentence_transformers.SentenceTransformer 204432 INFO     Load pretrained SentenceTransformer: maidalun1020/bce-embedding-base_v1
2025-03-12 00:38:49,625 httpx        204432 INFO     HTTP Request: POST http://127.0.0.1:7861/knowledge_base/create_knowledge_base "HTTP/1.1 500 Internal Server Error"
2025-03-12 00:39:11,490 httpx        204432 INFO     HTTP Request: POST http://127.0.0.1:7861/knowledge_base/create_knowledge_base "HTTP/1.1 200 OK"
2025-03-12 00:39:11,976 sentence_transformers.SentenceTransformer 204432 INFO     Use pytorch device_name: cpu
2025-03-12 00:39:11,976 sentence_transformers.SentenceTransformer 204432 INFO     Load pretrained SentenceTransformer: maidalun1020/bce-embedding-base_v1
2025-03-12 00:39:21,218 sentence_transformers.SentenceTransformer 204432 INFO     Use pytorch device_name: cpu
2025-03-12 00:39:21,219 sentence_transformers.SentenceTransformer 204432 INFO     Load pretrained SentenceTransformer: maidalun1020/bce-embedding-base_v1
2025-03-12 00:40:19,078 sentence_transformers.SentenceTransformer 204432 INFO     Use pytorch device_name: cpu
2025-03-12 00:40:19,079 sentence_transformers.SentenceTransformer 204432 INFO     Load pretrained SentenceTransformer: maidalun1020/bce-embedding-base_v1
2025-03-12 00:41:53,805 sentence_transformers.SentenceTransformer 204432 INFO     Use pytorch device_name: cpu
2025-03-12 00:41:53,805 sentence_transformers.SentenceTransformer 204432 INFO     Load pretrained SentenceTransformer: maidalun1020/bce-embedding-base_v1
2025-03-12 00:50:09,565 sentence_transformers.SentenceTransformer 204432 INFO     Use pytorch device_name: cpu
2025-03-12 00:50:09,566 sentence_transformers.SentenceTransformer 204432 INFO     Load pretrained SentenceTransformer: maidalun1020/bce-embedding-base_v1
2025-03-12 00:51:57,116 httpx        204432 INFO     HTTP Request: POST http://127.0.0.1:7861/knowledge_base/update_info "HTTP/1.1 200 OK"
2025-03-12 00:51:57,130 sentence_transformers.SentenceTransformer 204432 INFO     Use pytorch device_name: cpu
2025-03-12 00:51:57,131 sentence_transformers.SentenceTransformer 204432 INFO     Load pretrained SentenceTransformer: maidalun1020/bce-embedding-base_v1
2025-03-12 00:52:08,486 sentence_transformers.SentenceTransformer 204432 INFO     Use pytorch device_name: cpu
2025-03-12 00:52:08,486 sentence_transformers.SentenceTransformer 204432 INFO     Load pretrained SentenceTransformer: maidalun1020/bce-embedding-base_v1
